mode: set
books_online_api/business/google_books/usecase.go:14.102,19.2 1 1
books_online_api/business/google_books/usecase.go:21.130,22.19 1 1
books_online_api/business/google_books/usecase.go:26.2,26.20 1 1
books_online_api/business/google_books/usecase.go:30.2,32.24 2 1
books_online_api/business/google_books/usecase.go:22.19,24.3 1 1
books_online_api/business/google_books/usecase.go:26.20,28.3 1 1
books_online_api/business/book_types/usecase.go:14.70,19.2 1 1
books_online_api/business/book_types/usecase.go:21.98,22.25 1 1
books_online_api/business/book_types/usecase.go:26.2,26.25 1 1
books_online_api/business/book_types/usecase.go:30.2,32.16 2 1
books_online_api/business/book_types/usecase.go:36.2,36.22 1 1
books_online_api/business/book_types/usecase.go:22.25,24.3 1 1
books_online_api/business/book_types/usecase.go:26.25,28.3 1 1
books_online_api/business/book_types/usecase.go:32.16,34.3 1 0
books_online_api/business/books/usecase.go:15.83,21.2 1 1
books_online_api/business/books/usecase.go:23.86,25.20 1 1
books_online_api/business/books/usecase.go:29.2,31.16 2 1
books_online_api/business/books/usecase.go:38.2,38.26 1 1
books_online_api/business/books/usecase.go:25.20,27.3 1 1
books_online_api/business/books/usecase.go:31.16,32.40 1 0
books_online_api/business/books/usecase.go:35.3,35.23 1 0
books_online_api/business/books/usecase.go:32.40,34.4 1 0
books_online_api/business/books/usecase.go:41.86,45.16 2 0
books_online_api/business/books/usecase.go:49.2,49.24 1 0
books_online_api/business/books/usecase.go:45.16,47.3 1 0
books_online_api/business/books/usecase.go:53.96,58.24 3 1
books_online_api/business/books/usecase.go:62.2,62.30 1 1
books_online_api/business/books/usecase.go:66.2,68.16 2 1
books_online_api/business/books/usecase.go:72.2,72.24 1 1
books_online_api/business/books/usecase.go:58.24,60.3 1 1
books_online_api/business/books/usecase.go:62.30,64.3 1 1
books_online_api/business/books/usecase.go:68.16,70.3 1 0
books_online_api/business/orders/usecase.go:15.111,21.2 1 1
books_online_api/business/orders/usecase.go:23.87,25.23 1 1
books_online_api/business/orders/usecase.go:29.2,29.24 1 1
books_online_api/business/orders/usecase.go:33.2,33.21 1 1
books_online_api/business/orders/usecase.go:37.2,39.16 2 1
books_online_api/business/orders/usecase.go:47.2,50.16 2 1
books_online_api/business/orders/usecase.go:54.2,56.16 2 1
books_online_api/business/orders/usecase.go:60.2,60.20 1 1
books_online_api/business/orders/usecase.go:25.23,27.3 1 1
books_online_api/business/orders/usecase.go:29.24,31.3 1 1
books_online_api/business/orders/usecase.go:33.21,35.3 1 1
books_online_api/business/orders/usecase.go:39.16,41.17 2 0
books_online_api/business/orders/usecase.go:44.3,44.20 1 0
books_online_api/business/orders/usecase.go:41.17,43.4 1 0
books_online_api/business/orders/usecase.go:50.16,52.3 1 0
books_online_api/business/orders/usecase.go:56.16,58.3 1 0
books_online_api/business/payment_methods/usecase.go:12.55,14.2 1 1
books_online_api/business/payment_methods/usecase.go:16.103,17.23 1 1
books_online_api/business/payment_methods/usecase.go:20.2,20.26 1 1
books_online_api/business/payment_methods/usecase.go:23.2,23.25 1 1
books_online_api/business/payment_methods/usecase.go:27.2,29.16 2 1
books_online_api/business/payment_methods/usecase.go:33.2,33.26 1 1
books_online_api/business/payment_methods/usecase.go:17.23,19.3 1 1
books_online_api/business/payment_methods/usecase.go:20.26,22.3 1 1
books_online_api/business/payment_methods/usecase.go:23.25,25.3 1 1
books_online_api/business/payment_methods/usecase.go:29.16,31.3 1 0
books_online_api/business/transactions/usecase.go:14.53,18.2 1 1
books_online_api/business/transactions/usecase.go:20.101,21.24 1 1
books_online_api/business/transactions/usecase.go:25.2,25.25 1 1
books_online_api/business/transactions/usecase.go:30.2,30.33 1 1
books_online_api/business/transactions/usecase.go:34.2,36.16 2 1
books_online_api/business/transactions/usecase.go:40.2,40.25 1 1
books_online_api/business/transactions/usecase.go:21.24,23.3 1 0
books_online_api/business/transactions/usecase.go:25.25,27.3 1 0
books_online_api/business/transactions/usecase.go:30.33,32.3 1 0
books_online_api/business/transactions/usecase.go:36.16,38.3 1 0
books_online_api/business/transactions/usecase.go:44.106,45.64 1 1
books_online_api/business/transactions/usecase.go:49.2,49.20 1 1
books_online_api/business/transactions/usecase.go:53.2,55.16 2 1
books_online_api/business/transactions/usecase.go:62.2,62.26 1 1
books_online_api/business/transactions/usecase.go:45.64,47.3 1 0
books_online_api/business/transactions/usecase.go:49.20,51.3 1 0
books_online_api/business/transactions/usecase.go:55.16,56.40 1 0
books_online_api/business/transactions/usecase.go:59.3,59.23 1 0
books_online_api/business/transactions/usecase.go:56.40,58.4 1 0
books_online_api/business/users/usecase.go:17.102,23.2 1 1
books_online_api/business/users/usecase.go:25.83,27.22 1 1
books_online_api/business/users/usecase.go:31.2,31.41 1 1
books_online_api/business/users/usecase.go:35.2,35.26 1 1
books_online_api/business/users/usecase.go:39.2,39.25 1 1
books_online_api/business/users/usecase.go:43.2,43.25 1 1
books_online_api/business/users/usecase.go:47.2,47.29 1 1
books_online_api/business/users/usecase.go:51.2,51.40 1 1
books_online_api/business/users/usecase.go:55.2,57.20 3 1
books_online_api/business/users/usecase.go:61.2,63.16 2 1
books_online_api/business/users/usecase.go:67.2,67.18 1 1
books_online_api/business/users/usecase.go:27.22,29.3 1 1
books_online_api/business/users/usecase.go:31.41,33.3 1 1
books_online_api/business/users/usecase.go:35.26,37.3 1 1
books_online_api/business/users/usecase.go:39.25,41.3 1 1
books_online_api/business/users/usecase.go:43.25,45.3 1 1
books_online_api/business/users/usecase.go:47.29,49.3 1 1
books_online_api/business/users/usecase.go:51.40,53.3 1 1
books_online_api/business/users/usecase.go:57.20,59.3 1 0
books_online_api/business/users/usecase.go:63.16,65.3 1 0
books_online_api/business/users/usecase.go:70.98,71.17 1 1
books_online_api/business/users/usecase.go:75.2,75.36 1 1
books_online_api/business/users/usecase.go:79.2,79.20 1 1
books_online_api/business/users/usecase.go:83.2,85.16 2 1
books_online_api/business/users/usecase.go:89.2,89.59 1 1
books_online_api/business/users/usecase.go:93.2,95.16 2 1
books_online_api/business/users/usecase.go:99.2,99.18 1 1
books_online_api/business/users/usecase.go:71.17,73.3 1 1
books_online_api/business/users/usecase.go:75.36,77.3 1 1
books_online_api/business/users/usecase.go:79.20,81.3 1 1
books_online_api/business/users/usecase.go:85.16,87.3 1 0
books_online_api/business/users/usecase.go:89.59,91.3 1 1
books_online_api/business/users/usecase.go:95.16,97.3 1 0
