mode: set
/home/fadil/dev/kampusMerdeka/fullstackAltera/books-online-api/business/users/usecase.go:17.102,23.2 1 0
/home/fadil/dev/kampusMerdeka/fullstackAltera/books-online-api/business/users/usecase.go:25.83,27.22 1 0
/home/fadil/dev/kampusMerdeka/fullstackAltera/books-online-api/business/users/usecase.go:31.2,31.41 1 0
/home/fadil/dev/kampusMerdeka/fullstackAltera/books-online-api/business/users/usecase.go:35.2,35.26 1 0
/home/fadil/dev/kampusMerdeka/fullstackAltera/books-online-api/business/users/usecase.go:39.2,39.25 1 0
/home/fadil/dev/kampusMerdeka/fullstackAltera/books-online-api/business/users/usecase.go:43.2,43.25 1 0
/home/fadil/dev/kampusMerdeka/fullstackAltera/books-online-api/business/users/usecase.go:47.2,47.29 1 0
/home/fadil/dev/kampusMerdeka/fullstackAltera/books-online-api/business/users/usecase.go:51.2,51.40 1 0
/home/fadil/dev/kampusMerdeka/fullstackAltera/books-online-api/business/users/usecase.go:55.2,57.20 3 0
/home/fadil/dev/kampusMerdeka/fullstackAltera/books-online-api/business/users/usecase.go:61.2,63.16 2 0
/home/fadil/dev/kampusMerdeka/fullstackAltera/books-online-api/business/users/usecase.go:67.2,67.18 1 0
/home/fadil/dev/kampusMerdeka/fullstackAltera/books-online-api/business/users/usecase.go:27.22,29.3 1 0
/home/fadil/dev/kampusMerdeka/fullstackAltera/books-online-api/business/users/usecase.go:31.41,33.3 1 0
/home/fadil/dev/kampusMerdeka/fullstackAltera/books-online-api/business/users/usecase.go:35.26,37.3 1 0
/home/fadil/dev/kampusMerdeka/fullstackAltera/books-online-api/business/users/usecase.go:39.25,41.3 1 0
/home/fadil/dev/kampusMerdeka/fullstackAltera/books-online-api/business/users/usecase.go:43.25,45.3 1 0
/home/fadil/dev/kampusMerdeka/fullstackAltera/books-online-api/business/users/usecase.go:47.29,49.3 1 0
/home/fadil/dev/kampusMerdeka/fullstackAltera/books-online-api/business/users/usecase.go:51.40,53.3 1 0
/home/fadil/dev/kampusMerdeka/fullstackAltera/books-online-api/business/users/usecase.go:57.20,59.3 1 0
/home/fadil/dev/kampusMerdeka/fullstackAltera/books-online-api/business/users/usecase.go:63.16,65.3 1 0
/home/fadil/dev/kampusMerdeka/fullstackAltera/books-online-api/business/users/usecase.go:70.98,71.17 1 0
/home/fadil/dev/kampusMerdeka/fullstackAltera/books-online-api/business/users/usecase.go:75.2,75.36 1 0
/home/fadil/dev/kampusMerdeka/fullstackAltera/books-online-api/business/users/usecase.go:79.2,79.20 1 0
/home/fadil/dev/kampusMerdeka/fullstackAltera/books-online-api/business/users/usecase.go:83.2,85.16 2 0
/home/fadil/dev/kampusMerdeka/fullstackAltera/books-online-api/business/users/usecase.go:89.2,89.59 1 0
/home/fadil/dev/kampusMerdeka/fullstackAltera/books-online-api/business/users/usecase.go:93.2,95.16 2 0
/home/fadil/dev/kampusMerdeka/fullstackAltera/books-online-api/business/users/usecase.go:99.2,99.18 1 0
/home/fadil/dev/kampusMerdeka/fullstackAltera/books-online-api/business/users/usecase.go:71.17,73.3 1 0
/home/fadil/dev/kampusMerdeka/fullstackAltera/books-online-api/business/users/usecase.go:75.36,77.3 1 0
/home/fadil/dev/kampusMerdeka/fullstackAltera/books-online-api/business/users/usecase.go:79.20,81.3 1 0
/home/fadil/dev/kampusMerdeka/fullstackAltera/books-online-api/business/users/usecase.go:85.16,87.3 1 0
/home/fadil/dev/kampusMerdeka/fullstackAltera/books-online-api/business/users/usecase.go:89.59,91.3 1 0
/home/fadil/dev/kampusMerdeka/fullstackAltera/books-online-api/business/users/usecase.go:95.16,97.3 1 0
/home/fadil/dev/kampusMerdeka/fullstackAltera/books-online-api/business/users/usecase.go:102.29,105.2 2 1
