mode: set
books_online_api/business/book_types/usecase.go:14.70,19.2 1 1
books_online_api/business/book_types/usecase.go:21.98,22.25 1 1
books_online_api/business/book_types/usecase.go:26.2,26.25 1 1
books_online_api/business/book_types/usecase.go:30.2,32.16 2 1
books_online_api/business/book_types/usecase.go:36.2,36.22 1 1
books_online_api/business/book_types/usecase.go:22.25,24.3 1 1
books_online_api/business/book_types/usecase.go:26.25,28.3 1 1
books_online_api/business/book_types/usecase.go:32.16,34.3 1 0
books_online_api/business/users/usecase.go:17.102,23.2 1 1
books_online_api/business/users/usecase.go:25.83,27.22 1 1
books_online_api/business/users/usecase.go:31.2,31.41 1 1
books_online_api/business/users/usecase.go:35.2,35.26 1 1
books_online_api/business/users/usecase.go:39.2,39.25 1 1
books_online_api/business/users/usecase.go:43.2,43.25 1 1
books_online_api/business/users/usecase.go:47.2,47.29 1 1
books_online_api/business/users/usecase.go:51.2,51.40 1 1
books_online_api/business/users/usecase.go:55.2,57.20 3 1
books_online_api/business/users/usecase.go:61.2,63.16 2 1
books_online_api/business/users/usecase.go:67.2,67.18 1 1
books_online_api/business/users/usecase.go:27.22,29.3 1 1
books_online_api/business/users/usecase.go:31.41,33.3 1 1
books_online_api/business/users/usecase.go:35.26,37.3 1 1
books_online_api/business/users/usecase.go:39.25,41.3 1 1
books_online_api/business/users/usecase.go:43.25,45.3 1 1
books_online_api/business/users/usecase.go:47.29,49.3 1 1
books_online_api/business/users/usecase.go:51.40,53.3 1 1
books_online_api/business/users/usecase.go:57.20,59.3 1 0
books_online_api/business/users/usecase.go:63.16,65.3 1 0
books_online_api/business/users/usecase.go:70.98,71.17 1 1
books_online_api/business/users/usecase.go:75.2,75.36 1 1
books_online_api/business/users/usecase.go:79.2,79.20 1 1
books_online_api/business/users/usecase.go:83.2,85.16 2 1
books_online_api/business/users/usecase.go:89.2,89.59 1 1
books_online_api/business/users/usecase.go:93.2,95.16 2 1
books_online_api/business/users/usecase.go:99.2,99.18 1 1
books_online_api/business/users/usecase.go:71.17,73.3 1 1
books_online_api/business/users/usecase.go:75.36,77.3 1 1
books_online_api/business/users/usecase.go:79.20,81.3 1 1
books_online_api/business/users/usecase.go:85.16,87.3 1 0
books_online_api/business/users/usecase.go:89.59,91.3 1 1
books_online_api/business/users/usecase.go:95.16,97.3 1 0
books_online_api/business/books/usecase.go:15.83,21.2 1 1
books_online_api/business/books/usecase.go:23.86,25.20 1 0
books_online_api/business/books/usecase.go:29.2,31.16 2 0
books_online_api/business/books/usecase.go:38.2,38.26 1 0
books_online_api/business/books/usecase.go:25.20,27.3 1 0
books_online_api/business/books/usecase.go:31.16,32.40 1 0
books_online_api/business/books/usecase.go:35.3,35.23 1 0
books_online_api/business/books/usecase.go:32.40,34.4 1 0
books_online_api/business/books/usecase.go:41.86,45.16 2 0
books_online_api/business/books/usecase.go:49.2,49.24 1 0
books_online_api/business/books/usecase.go:45.16,47.3 1 0
books_online_api/business/books/usecase.go:53.96,58.24 3 1
books_online_api/business/books/usecase.go:62.2,62.30 1 1
books_online_api/business/books/usecase.go:66.2,66.24 1 1
books_online_api/business/books/usecase.go:70.2,72.16 2 1
books_online_api/business/books/usecase.go:76.2,76.24 1 1
books_online_api/business/books/usecase.go:58.24,60.3 1 1
books_online_api/business/books/usecase.go:62.30,64.3 1 0
books_online_api/business/books/usecase.go:66.24,68.3 1 0
books_online_api/business/books/usecase.go:72.16,74.3 1 0
